mode: set
ceresdb/cursor/cursor.go:33.58,38.2 4 1
ceresdb/cursor/cursor.go:40.100,42.48 2 1
ceresdb/cursor/cursor.go:90.2,90.27 1 1
ceresdb/cursor/cursor.go:93.2,93.29 1 1
ceresdb/cursor/cursor.go:42.48,43.15 1 1
ceresdb/cursor/cursor.go:44.17,46.18 2 1
ceresdb/cursor/cursor.go:49.4,50.18 2 1
ceresdb/cursor/cursor.go:53.4,53.40 1 1
ceresdb/cursor/cursor.go:54.18,59.18 5 1
ceresdb/cursor/cursor.go:62.4,63.48 2 1
ceresdb/cursor/cursor.go:64.19,69.49 5 1
ceresdb/cursor/cursor.go:70.18,75.39 5 1
ceresdb/cursor/cursor.go:82.4,83.18 2 1
ceresdb/cursor/cursor.go:86.4,87.48 2 1
ceresdb/cursor/cursor.go:46.18,48.5 1 0
ceresdb/cursor/cursor.go:50.18,52.5 1 1
ceresdb/cursor/cursor.go:59.18,61.5 1 1
ceresdb/cursor/cursor.go:75.39,76.33 1 1
ceresdb/cursor/cursor.go:76.33,78.6 1 1
ceresdb/cursor/cursor.go:78.11,80.6 1 1
ceresdb/cursor/cursor.go:83.18,85.5 1 0
ceresdb/cursor/cursor.go:90.27,92.3 1 1
ceresdb/cursor/cursor.go:96.42,99.2 2 1
ceresdb/utils/utils.go:10.46,17.34 5 1
ceresdb/utils/utils.go:31.2,34.15 3 1
ceresdb/utils/utils.go:17.34,18.39 1 1
ceresdb/utils/utils.go:18.39,21.4 1 1
ceresdb/utils/utils.go:21.9,27.4 4 1
ceresdb/utils/utils.go:37.70,45.37 6 1
ceresdb/utils/utils.go:55.2,58.15 3 1
ceresdb/utils/utils.go:45.37,46.24 1 1
ceresdb/utils/utils.go:50.3,53.19 4 1
ceresdb/utils/utils.go:46.24,48.12 2 1
ceresdb/utils/utils.go:61.29,62.38 1 1
ceresdb/utils/utils.go:62.38,63.28 1 1
ceresdb/utils/utils.go:66.3,66.54 1 1
ceresdb/utils/utils.go:69.3,69.15 1 1
ceresdb/utils/utils.go:63.28,65.4 1 1
ceresdb/utils/utils.go:66.54,68.4 1 1
ceresdb/utils/utils.go:73.48,79.29 2 1
ceresdb/utils/utils.go:83.2,83.24 1 1
ceresdb/utils/utils.go:79.29,82.3 2 1
ceresdb/utils/utils.go:86.42,87.22 1 1
ceresdb/utils/utils.go:92.2,92.14 1 1
ceresdb/utils/utils.go:87.22,88.13 1 1
ceresdb/utils/utils.go:88.13,90.4 1 1
ceresdb/utils/utils.go:95.59,102.36 3 0
ceresdb/utils/utils.go:108.2,108.13 1 0
ceresdb/utils/utils.go:102.36,103.38 1 0
ceresdb/utils/utils.go:103.38,106.4 2 0
ceresdb/config/config.go:32.37,36.16 2 1
ceresdb/config/config.go:41.2,44.16 2 1
ceresdb/config/config.go:49.2,55.36 5 1
ceresdb/config/config.go:112.2,118.27 4 1
ceresdb/config/config.go:123.2,123.27 1 1
ceresdb/config/config.go:128.2,128.28 1 1
ceresdb/config/config.go:134.2,134.16 1 1
ceresdb/config/config.go:36.16,38.3 1 1
ceresdb/config/config.go:44.16,45.13 1 1
ceresdb/config/config.go:55.36,57.13 2 1
ceresdb/config/config.go:61.3,62.18 2 1
ceresdb/config/config.go:57.13,58.12 1 0
ceresdb/config/config.go:62.18,64.15 2 1
ceresdb/config/config.go:64.15,67.20 3 1
ceresdb/config/config.go:67.20,68.15 1 1
ceresdb/config/config.go:69.26,71.21 2 1
ceresdb/config/config.go:74.18,76.21 2 0
ceresdb/config/config.go:79.19,81.21 2 0
ceresdb/config/config.go:84.19,86.21 2 0
ceresdb/config/config.go:89.20,90.23 1 1
ceresdb/config/config.go:91.21,93.21 2 0
ceresdb/config/config.go:96.30,98.21 2 0
ceresdb/config/config.go:101.18,103.21 2 0
ceresdb/config/config.go:71.21,73.8 1 1
ceresdb/config/config.go:76.21,78.8 1 0
ceresdb/config/config.go:81.21,83.8 1 0
ceresdb/config/config.go:86.21,88.8 1 0
ceresdb/config/config.go:93.21,95.8 1 0
ceresdb/config/config.go:98.21,100.8 1 0
ceresdb/config/config.go:103.21,105.8 1 0
ceresdb/config/config.go:118.27,120.3 1 0
ceresdb/config/config.go:120.8,120.52 1 1
ceresdb/config/config.go:120.52,122.3 1 0
ceresdb/config/config.go:123.27,125.3 1 0
ceresdb/config/config.go:125.8,125.52 1 1
ceresdb/config/config.go:125.52,127.3 1 0
ceresdb/config/config.go:128.28,130.3 1 0
ceresdb/config/config.go:130.8,130.53 1 1
ceresdb/config/config.go:130.53,132.3 1 0
ceresdb/config/config.go:137.63,140.40 3 1
ceresdb/config/config.go:143.2,144.25 2 1
ceresdb/config/config.go:147.2,147.17 1 1
ceresdb/config/config.go:140.40,141.22 1 0
ceresdb/config/config.go:144.25,145.34 1 0
ceresdb/schema/schema.go:30.25,37.16 3 1
ceresdb/schema/schema.go:42.2,48.16 4 1
ceresdb/schema/schema.go:52.2,56.37 3 1
ceresdb/schema/schema.go:77.2,77.12 1 1
ceresdb/schema/schema.go:37.16,39.3 1 1
ceresdb/schema/schema.go:48.16,50.3 1 1
ceresdb/schema/schema.go:56.37,62.42 4 1
ceresdb/schema/schema.go:74.3,74.35 1 1
ceresdb/schema/schema.go:62.42,68.46 4 1
ceresdb/schema/schema.go:72.4,72.40 1 1
ceresdb/schema/schema.go:68.46,70.5 1 1
ceresdb/schema/schema.go:80.26,84.42 3 1
ceresdb/schema/schema.go:97.2,100.12 3 1
ceresdb/schema/schema.go:84.42,86.43 2 1
ceresdb/schema/schema.go:94.3,94.30 1 1
ceresdb/schema/schema.go:86.43,88.44 2 1
ceresdb/schema/schema.go:92.4,92.38 1 1
ceresdb/schema/schema.go:88.44,91.5 1 1
ceresdb/schema/schema.go:103.73,105.39 2 1
ceresdb/schema/schema.go:110.2,110.12 1 1
ceresdb/schema/schema.go:105.39,106.39 1 1
ceresdb/schema/schema.go:106.39,108.4 1 1
ceresdb/schema/schema.go:113.57,115.2 1 0
ceresdb/schema/schema.go:117.98,119.31 2 1
ceresdb/schema/schema.go:162.2,162.12 1 1
ceresdb/schema/schema.go:119.31,120.31 1 1
ceresdb/schema/schema.go:120.31,121.20 1 1
ceresdb/schema/schema.go:124.4,124.49 1 1
ceresdb/schema/schema.go:128.4,128.39 1 1
ceresdb/schema/schema.go:121.20,122.13 1 1
ceresdb/schema/schema.go:124.49,126.5 1 1
ceresdb/schema/schema.go:129.18,130.35 1 1
ceresdb/schema/schema.go:133.15,138.36 1 1
ceresdb/schema/schema.go:143.17,144.36 1 1
ceresdb/schema/schema.go:147.16,148.33 1 1
ceresdb/schema/schema.go:151.16,152.51 1 1
ceresdb/schema/schema.go:155.16,156.42 1 1
ceresdb/schema/schema.go:130.35,132.6 1 1
ceresdb/schema/schema.go:138.36,139.33 1 1
ceresdb/schema/schema.go:139.33,141.7 1 1
ceresdb/schema/schema.go:144.36,146.6 1 1
ceresdb/schema/schema.go:148.33,150.6 1 1
ceresdb/schema/schema.go:152.51,154.6 1 1
ceresdb/schema/schema.go:156.42,158.6 1 1
ceresdb/aql/aql.go:58.48,62.21 4 1
ceresdb/aql/aql.go:65.2,65.32 1 1
ceresdb/aql/aql.go:62.21,64.3 1 0
ceresdb/aql/aql.go:67.11,68.23 1 1
ceresdb/aql/aql.go:69.11,70.28 1 1
ceresdb/aql/aql.go:71.11,72.29 1 1
ceresdb/aql/aql.go:73.11,74.30 1 1
ceresdb/aql/aql.go:75.11,76.31 1 1
ceresdb/aql/aql.go:77.11,78.28 1 1
ceresdb/aql/aql.go:79.11,80.29 1 1
ceresdb/aql/aql.go:81.11,82.22 1 1
ceresdb/aql/aql.go:83.11,84.26 1 1
ceresdb/aql/aql.go:85.11,86.22 1 1
ceresdb/aql/aql.go:88.13,90.39 2 1
ceresdb/aql/aql.go:91.14,93.39 2 1
ceresdb/aql/aql.go:94.13,96.39 2 1
ceresdb/aql/aql.go:97.15,99.39 2 1
ceresdb/aql/aql.go:100.16,102.39 2 1
ceresdb/aql/aql.go:103.15,105.39 2 1
ceresdb/aql/aql.go:106.15,108.39 2 1
ceresdb/aql/aql.go:109.16,111.39 2 1
ceresdb/aql/aql.go:112.18,114.39 2 1
ceresdb/aql/aql.go:115.18,117.39 2 1
ceresdb/aql/aql.go:118.12,120.39 2 0
ceresdb/aql/aql.go:121.10,124.31 2 1
ceresdb/aql/aql.go:124.31,127.4 2 1
ceresdb/aql/aql.go:127.9,127.44 1 1
ceresdb/aql/aql.go:127.44,130.4 2 1
ceresdb/aql/aql.go:130.9,130.40 1 1
ceresdb/aql/aql.go:130.40,133.4 2 1
ceresdb/aql/aql.go:133.9,133.32 1 1
ceresdb/aql/aql.go:133.32,136.4 2 1
ceresdb/aql/aql.go:136.9,136.31 1 1
ceresdb/aql/aql.go:136.31,139.4 2 0
ceresdb/aql/aql.go:139.9,139.31 1 1
ceresdb/aql/aql.go:139.31,141.4 1 1
ceresdb/aql/aql.go:141.9,141.31 1 1
ceresdb/aql/aql.go:141.31,143.4 1 1
ceresdb/aql/aql.go:143.9,143.31 1 1
ceresdb/aql/aql.go:143.31,145.4 1 1
ceresdb/aql/aql.go:145.9,145.66 1 1
ceresdb/aql/aql.go:145.66,147.4 1 1
ceresdb/aql/aql.go:147.9,147.73 1 1
ceresdb/aql/aql.go:147.73,149.4 1 1
ceresdb/aql/aql.go:149.9,149.74 1 1
ceresdb/aql/aql.go:149.74,151.4 1 1
ceresdb/aql/aql.go:151.9,151.91 1 1
ceresdb/aql/aql.go:151.91,153.4 1 1
ceresdb/aql/aql.go:153.9,155.4 1 1
ceresdb/aql/aql.go:160.52,167.16 3 1
ceresdb/aql/aql.go:172.2,178.16 4 1
ceresdb/aql/aql.go:182.2,182.20 1 1
ceresdb/aql/aql.go:167.16,169.3 1 1
ceresdb/aql/aql.go:178.16,180.3 1 1
ceresdb/aql/aql.go:186.69,187.63 1 1
ceresdb/aql/aql.go:191.2,191.12 1 1
ceresdb/aql/aql.go:187.63,190.3 2 1
ceresdb/aql/aql.go:210.46,217.24 4 1
ceresdb/aql/aql.go:231.2,236.25 4 1
ceresdb/aql/aql.go:262.2,262.14 1 1
ceresdb/aql/aql.go:217.24,218.31 1 1
ceresdb/aql/aql.go:228.3,228.8 1 1
ceresdb/aql/aql.go:218.31,224.4 5 1
ceresdb/aql/aql.go:224.9,224.116 1 1
ceresdb/aql/aql.go:224.116,227.4 2 1
ceresdb/aql/aql.go:236.25,237.46 1 1
ceresdb/aql/aql.go:259.3,259.20 1 1
ceresdb/aql/aql.go:237.46,240.4 2 1
ceresdb/aql/aql.go:240.9,241.48 1 1
ceresdb/aql/aql.go:241.48,246.27 3 1
ceresdb/aql/aql.go:246.27,248.6 1 1
ceresdb/aql/aql.go:248.11,250.6 1 1
ceresdb/aql/aql.go:251.10,252.27 1 1
ceresdb/aql/aql.go:252.27,254.6 1 1
ceresdb/aql/aql.go:254.11,256.6 1 1
ceresdb/aql/aql.go:266.59,267.26 1 1
ceresdb/aql/aql.go:288.2,288.12 1 1
ceresdb/aql/aql.go:267.26,270.17 3 1
ceresdb/aql/aql.go:273.3,274.39 2 1
ceresdb/aql/aql.go:277.3,277.27 1 1
ceresdb/aql/aql.go:270.17,272.4 1 1
ceresdb/aql/aql.go:274.39,276.4 1 1
ceresdb/aql/aql.go:278.8,281.17 3 1
ceresdb/aql/aql.go:284.3,286.27 3 1
ceresdb/aql/aql.go:281.17,283.4 1 1
ceresdb/aql/aql.go:292.58,293.26 1 1
ceresdb/aql/aql.go:307.2,307.12 1 1
ceresdb/aql/aql.go:293.26,296.17 3 1
ceresdb/aql/aql.go:299.3,300.39 2 1
ceresdb/aql/aql.go:303.3,303.26 1 1
ceresdb/aql/aql.go:296.17,298.4 1 1
ceresdb/aql/aql.go:300.39,302.4 1 1
ceresdb/aql/aql.go:304.8,306.3 1 1
ceresdb/aql/aql.go:311.61,312.26 1 1
ceresdb/aql/aql.go:326.2,326.12 1 1
ceresdb/aql/aql.go:312.26,315.17 3 1
ceresdb/aql/aql.go:318.3,319.39 2 1
ceresdb/aql/aql.go:322.3,322.29 1 1
ceresdb/aql/aql.go:315.17,317.4 1 1
ceresdb/aql/aql.go:319.39,321.4 1 1
ceresdb/aql/aql.go:323.8,325.3 1 1
ceresdb/aql/aql.go:331.86,336.31 3 1
ceresdb/aql/aql.go:344.2,352.43 5 1
ceresdb/aql/aql.go:587.2,588.21 2 1
ceresdb/aql/aql.go:336.31,337.27 1 1
ceresdb/aql/aql.go:337.27,339.4 1 1
ceresdb/aql/aql.go:339.9,342.4 2 1
ceresdb/aql/aql.go:352.43,356.37 4 1
ceresdb/aql/aql.go:365.3,368.23 3 1
ceresdb/aql/aql.go:356.37,358.30 2 1
ceresdb/aql/aql.go:363.4,363.23 1 1
ceresdb/aql/aql.go:358.30,360.5 1 1
ceresdb/aql/aql.go:360.10,362.5 1 1
ceresdb/aql/aql.go:369.14,370.18 1 1
ceresdb/aql/aql.go:373.4,374.54 2 1
ceresdb/aql/aql.go:377.4,378.76 2 1
ceresdb/aql/aql.go:381.4,384.40 3 1
ceresdb/aql/aql.go:402.4,402.21 1 1
ceresdb/aql/aql.go:403.15,404.18 1 1
ceresdb/aql/aql.go:407.4,408.54 2 1
ceresdb/aql/aql.go:411.4,412.76 2 1
ceresdb/aql/aql.go:415.4,418.40 3 1
ceresdb/aql/aql.go:436.4,436.21 1 1
ceresdb/aql/aql.go:437.14,438.18 1 1
ceresdb/aql/aql.go:441.4,442.54 2 1
ceresdb/aql/aql.go:445.4,446.76 2 1
ceresdb/aql/aql.go:449.4,452.40 3 1
ceresdb/aql/aql.go:470.4,470.21 1 1
ceresdb/aql/aql.go:471.16,472.18 1 1
ceresdb/aql/aql.go:475.4,476.54 2 1
ceresdb/aql/aql.go:479.4,480.76 2 1
ceresdb/aql/aql.go:483.4,486.28 3 1
ceresdb/aql/aql.go:489.4,489.28 1 1
ceresdb/aql/aql.go:494.4,494.28 1 1
ceresdb/aql/aql.go:500.4,500.21 1 1
ceresdb/aql/aql.go:501.17,502.18 1 1
ceresdb/aql/aql.go:505.4,506.54 2 1
ceresdb/aql/aql.go:509.4,510.76 2 1
ceresdb/aql/aql.go:513.4,516.40 3 1
ceresdb/aql/aql.go:534.4,534.21 1 1
ceresdb/aql/aql.go:535.16,536.18 1 1
ceresdb/aql/aql.go:539.4,540.76 2 1
ceresdb/aql/aql.go:543.4,544.21 2 1
ceresdb/aql/aql.go:545.17,547.76 2 1
ceresdb/aql/aql.go:550.4,550.62 1 1
ceresdb/aql/aql.go:551.16,553.76 2 1
ceresdb/aql/aql.go:556.4,557.18 2 1
ceresdb/aql/aql.go:560.4,560.29 1 1
ceresdb/aql/aql.go:561.19,563.76 2 1
ceresdb/aql/aql.go:566.4,567.46 2 1
ceresdb/aql/aql.go:568.19,570.76 2 1
ceresdb/aql/aql.go:573.4,574.46 2 1
ceresdb/aql/aql.go:575.13,576.18 1 0
ceresdb/aql/aql.go:579.4,580.76 2 0
ceresdb/aql/aql.go:583.4,584.43 2 0
ceresdb/aql/aql.go:370.18,372.5 1 1
ceresdb/aql/aql.go:374.54,376.5 1 1
ceresdb/aql/aql.go:378.76,380.5 1 1
ceresdb/aql/aql.go:384.40,385.29 1 1
ceresdb/aql/aql.go:385.29,386.73 1 1
ceresdb/aql/aql.go:386.73,388.7 1 1
ceresdb/aql/aql.go:390.10,391.29 1 1
ceresdb/aql/aql.go:395.5,395.29 1 1
ceresdb/aql/aql.go:391.29,393.6 1 1
ceresdb/aql/aql.go:395.29,396.73 1 1
ceresdb/aql/aql.go:396.73,398.7 1 1
ceresdb/aql/aql.go:404.18,406.5 1 1
ceresdb/aql/aql.go:408.54,410.5 1 1
ceresdb/aql/aql.go:412.76,414.5 1 1
ceresdb/aql/aql.go:418.40,419.29 1 1
ceresdb/aql/aql.go:419.29,420.71 1 1
ceresdb/aql/aql.go:420.71,422.7 1 1
ceresdb/aql/aql.go:424.10,425.29 1 1
ceresdb/aql/aql.go:429.5,429.29 1 1
ceresdb/aql/aql.go:425.29,427.6 1 1
ceresdb/aql/aql.go:429.29,430.71 1 1
ceresdb/aql/aql.go:430.71,432.7 1 1
ceresdb/aql/aql.go:438.18,440.5 1 1
ceresdb/aql/aql.go:442.54,444.5 1 1
ceresdb/aql/aql.go:446.76,448.5 1 1
ceresdb/aql/aql.go:452.40,453.29 1 1
ceresdb/aql/aql.go:453.29,454.71 1 1
ceresdb/aql/aql.go:454.71,456.7 1 1
ceresdb/aql/aql.go:458.10,459.29 1 1
ceresdb/aql/aql.go:463.5,463.29 1 1
ceresdb/aql/aql.go:459.29,461.6 1 1
ceresdb/aql/aql.go:463.29,464.71 1 1
ceresdb/aql/aql.go:464.71,466.7 1 1
ceresdb/aql/aql.go:472.18,474.5 1 1
ceresdb/aql/aql.go:476.54,478.5 1 1
ceresdb/aql/aql.go:480.76,482.5 1 1
ceresdb/aql/aql.go:486.28,488.5 1 1
ceresdb/aql/aql.go:489.28,490.69 1 1
ceresdb/aql/aql.go:490.69,492.6 1 1
ceresdb/aql/aql.go:494.28,495.70 1 1
ceresdb/aql/aql.go:495.70,497.6 1 1
ceresdb/aql/aql.go:502.18,504.5 1 1
ceresdb/aql/aql.go:506.54,508.5 1 1
ceresdb/aql/aql.go:510.76,512.5 1 1
ceresdb/aql/aql.go:516.40,517.29 1 1
ceresdb/aql/aql.go:517.29,518.70 1 1
ceresdb/aql/aql.go:518.70,520.7 1 1
ceresdb/aql/aql.go:522.10,523.29 1 1
ceresdb/aql/aql.go:527.5,527.29 1 1
ceresdb/aql/aql.go:523.29,525.6 1 1
ceresdb/aql/aql.go:527.29,528.70 1 1
ceresdb/aql/aql.go:528.70,530.7 1 1
ceresdb/aql/aql.go:536.18,538.5 1 1
ceresdb/aql/aql.go:540.76,542.5 1 1
ceresdb/aql/aql.go:547.76,549.5 1 1
ceresdb/aql/aql.go:553.76,555.5 1 1
ceresdb/aql/aql.go:557.18,559.5 1 1
ceresdb/aql/aql.go:563.76,565.5 1 1
ceresdb/aql/aql.go:570.76,572.5 1 1
ceresdb/aql/aql.go:576.18,578.5 1 0
ceresdb/aql/aql.go:580.76,582.5 1 0
ceresdb/aql/aql.go:592.40,599.30 6 1
ceresdb/aql/aql.go:680.2,684.15 4 1
ceresdb/aql/aql.go:599.30,601.14 2 1
ceresdb/aql/aql.go:604.3,604.64 1 1
ceresdb/aql/aql.go:601.14,603.4 1 1
ceresdb/aql/aql.go:604.64,608.4 3 1
ceresdb/aql/aql.go:608.9,608.70 1 1
ceresdb/aql/aql.go:608.70,612.4 3 0
ceresdb/aql/aql.go:612.9,613.20 1 1
ceresdb/aql/aql.go:613.20,614.17 1 1
ceresdb/aql/aql.go:615.14,616.27 1 1
ceresdb/aql/aql.go:619.6,620.20 2 1
ceresdb/aql/aql.go:621.14,624.27 3 1
ceresdb/aql/aql.go:627.14,628.29 1 1
ceresdb/aql/aql.go:631.6,632.20 2 1
ceresdb/aql/aql.go:633.14,636.29 3 1
ceresdb/aql/aql.go:639.14,640.27 1 1
ceresdb/aql/aql.go:643.6,644.20 2 1
ceresdb/aql/aql.go:645.14,648.27 3 1
ceresdb/aql/aql.go:651.14,652.53 1 1
ceresdb/aql/aql.go:660.14,661.53 1 1
ceresdb/aql/aql.go:672.13,673.20 1 1
ceresdb/aql/aql.go:616.27,618.7 1 1
ceresdb/aql/aql.go:624.27,626.7 1 1
ceresdb/aql/aql.go:628.29,630.7 1 1
ceresdb/aql/aql.go:636.29,638.7 1 1
ceresdb/aql/aql.go:640.27,642.7 1 1
ceresdb/aql/aql.go:648.27,650.7 1 1
ceresdb/aql/aql.go:652.53,654.7 1 1
ceresdb/aql/aql.go:654.12,659.7 4 1
ceresdb/aql/aql.go:661.53,663.7 1 1
ceresdb/aql/aql.go:663.12,671.7 6 1
ceresdb/aql/aql.go:675.10,677.5 1 1
ceresdb/aql/aql.go:690.44,693.16 3 1
ceresdb/aql/aql.go:696.2,697.16 2 1
ceresdb/aql/aql.go:700.2,700.21 1 1
ceresdb/aql/aql.go:693.16,695.3 1 1
ceresdb/aql/aql.go:697.16,699.3 1 1
ceresdb/index/index.go:19.105,20.30 1 1
ceresdb/index/index.go:69.2,69.12 1 1
ceresdb/index/index.go:20.30,21.58 1 1
ceresdb/index/index.go:24.3,24.19 1 1
ceresdb/index/index.go:27.3,27.47 1 1
ceresdb/index/index.go:30.3,30.39 1 1
ceresdb/index/index.go:33.3,33.48 1 1
ceresdb/index/index.go:36.3,37.26 2 1
ceresdb/index/index.go:40.3,44.53 5 1
ceresdb/index/index.go:50.3,51.17 2 1
ceresdb/index/index.go:54.3,55.17 2 1
ceresdb/index/index.go:58.3,60.17 3 1
ceresdb/index/index.go:63.3,64.17 2 1
ceresdb/index/index.go:67.3,67.12 1 1
ceresdb/index/index.go:21.58,22.12 1 0
ceresdb/index/index.go:24.19,25.12 1 1
ceresdb/index/index.go:27.47,28.12 1 0
ceresdb/index/index.go:30.39,31.12 1 0
ceresdb/index/index.go:33.48,34.12 1 0
ceresdb/index/index.go:37.26,39.4 1 0
ceresdb/index/index.go:44.53,46.18 2 1
ceresdb/index/index.go:46.18,48.5 1 1
ceresdb/index/index.go:51.17,53.4 1 1
ceresdb/index/index.go:55.17,57.4 1 0
ceresdb/index/index.go:60.17,62.4 1 0
ceresdb/index/index.go:64.17,66.4 1 0
ceresdb/index/index.go:72.108,73.30 1 1
ceresdb/index/index.go:111.2,111.12 1 1
ceresdb/index/index.go:73.30,74.19 1 1
ceresdb/index/index.go:77.3,77.47 1 1
ceresdb/index/index.go:80.3,80.58 1 1
ceresdb/index/index.go:83.3,84.26 2 1
ceresdb/index/index.go:87.3,90.17 4 1
ceresdb/index/index.go:93.3,95.24 3 1
ceresdb/index/index.go:102.3,104.17 3 1
ceresdb/index/index.go:107.3,109.67 3 1
ceresdb/index/index.go:74.19,75.12 1 1
ceresdb/index/index.go:77.47,78.12 1 0
ceresdb/index/index.go:80.58,81.12 1 0
ceresdb/index/index.go:84.26,86.4 1 0
ceresdb/index/index.go:90.17,92.4 1 1
ceresdb/index/index.go:95.24,96.45 1 1
ceresdb/index/index.go:96.45,98.5 1 1
ceresdb/index/index.go:99.9,101.4 1 1
ceresdb/index/index.go:104.17,106.4 1 0
ceresdb/index/index.go:114.121,115.75 1 1
ceresdb/index/index.go:118.2,118.72 1 1
ceresdb/index/index.go:121.2,121.12 1 1
ceresdb/index/index.go:115.75,117.3 1 1
ceresdb/index/index.go:118.72,120.3 1 1
ceresdb/index/index.go:124.69,128.16 4 1
ceresdb/index/index.go:131.2,132.38 2 1
ceresdb/index/index.go:128.16,130.3 1 1
ceresdb/index/index.go:135.57,138.16 3 1
ceresdb/index/index.go:141.2,142.38 2 1
ceresdb/index/index.go:138.16,140.3 1 0
ceresdb/index/index.go:145.59,147.15 2 1
ceresdb/index/index.go:150.2,150.16 1 1
ceresdb/index/index.go:147.15,149.3 1 1
ceresdb/index/index.go:153.47,154.22 1 1
ceresdb/index/index.go:159.2,159.11 1 1
ceresdb/index/index.go:154.22,155.15 1 1
ceresdb/index/index.go:155.15,157.4 1 1
ceresdb/collection/collection.go:13.48,16.47 3 1
ceresdb/collection/collection.go:19.2,19.48 1 1
ceresdb/collection/collection.go:22.2,30.12 9 1
ceresdb/collection/collection.go:16.47,18.3 1 0
ceresdb/collection/collection.go:19.48,21.3 1 0
ceresdb/collection/collection.go:33.61,36.16 3 1
ceresdb/collection/collection.go:40.2,40.30 1 1
ceresdb/collection/collection.go:43.2,43.25 1 1
ceresdb/collection/collection.go:36.16,38.3 1 0
ceresdb/collection/collection.go:40.30,42.3 1 1
ceresdb/collection/collection.go:46.20,48.2 1 1
ceresdb/collection/collection.go:50.80,52.30 2 1
ceresdb/collection/collection.go:55.2,55.69 1 1
ceresdb/collection/collection.go:58.2,60.52 3 1
ceresdb/collection/collection.go:63.2,63.53 1 1
ceresdb/collection/collection.go:66.2,69.36 4 1
ceresdb/collection/collection.go:72.2,76.33 5 1
ceresdb/collection/collection.go:79.2,79.53 1 1
ceresdb/collection/collection.go:82.2,87.12 6 1
ceresdb/collection/collection.go:52.30,54.3 1 1
ceresdb/collection/collection.go:55.69,57.3 1 0
ceresdb/collection/collection.go:60.52,62.3 1 0
ceresdb/collection/collection.go:63.53,65.3 1 0
ceresdb/collection/collection.go:69.36,71.3 1 1
ceresdb/collection/collection.go:76.33,78.3 1 1
ceresdb/collection/collection.go:79.53,81.3 1 0
ceresdb/collection/collection.go:90.79,94.33 4 1
ceresdb/collection/collection.go:97.2,97.30 1 1
ceresdb/collection/collection.go:100.2,100.69 1 1
ceresdb/collection/collection.go:103.2,107.12 5 1
ceresdb/collection/collection.go:94.33,96.3 1 0
ceresdb/collection/collection.go:97.30,99.3 1 1
ceresdb/collection/collection.go:100.69,102.3 1 0
ceresdb/freespace/freespace.go:32.28,39.16 3 1
ceresdb/freespace/freespace.go:44.2,50.16 4 1
ceresdb/freespace/freespace.go:54.2,58.37 3 1
ceresdb/freespace/freespace.go:95.2,95.12 1 1
ceresdb/freespace/freespace.go:39.16,41.3 1 1
ceresdb/freespace/freespace.go:50.16,52.3 1 1
ceresdb/freespace/freespace.go:58.37,64.42 4 1
ceresdb/freespace/freespace.go:92.3,92.38 1 1
ceresdb/freespace/freespace.go:64.42,70.46 4 1
ceresdb/freespace/freespace.go:90.4,90.40 1 1
ceresdb/freespace/freespace.go:70.46,78.45 6 1
ceresdb/freespace/freespace.go:87.5,88.38 2 1
ceresdb/freespace/freespace.go:78.45,81.43 3 1
ceresdb/freespace/freespace.go:84.6,84.48 1 1
ceresdb/freespace/freespace.go:81.43,83.7 1 1
ceresdb/freespace/freespace.go:98.29,102.45 3 1
ceresdb/freespace/freespace.go:115.2,118.12 3 1
ceresdb/freespace/freespace.go:102.45,104.43 2 1
ceresdb/freespace/freespace.go:112.3,112.30 1 1
ceresdb/freespace/freespace.go:104.43,106.41 2 1
ceresdb/freespace/freespace.go:110.4,110.38 1 1
ceresdb/freespace/freespace.go:106.41,109.5 2 1
ceresdb/permit/permit.go:8.50,11.2 2 1
ceresdb/permit/permit.go:13.75,16.2 2 1
ceresdb/permit/permit.go:18.20,20.2 1 1
ceresdb/permit/permit.go:22.65,25.2 2 1
ceresdb/permit/permit.go:27.64,30.2 2 1
ceresdb/database/database.go:15.36,18.47 3 1
ceresdb/database/database.go:21.2,21.48 1 1
ceresdb/database/database.go:24.2,26.12 3 1
ceresdb/database/database.go:18.47,20.3 1 0
ceresdb/database/database.go:21.48,23.3 1 0
ceresdb/database/database.go:29.46,32.16 3 1
ceresdb/database/database.go:36.2,36.30 1 1
ceresdb/database/database.go:39.2,39.23 1 1
ceresdb/database/database.go:32.16,34.3 1 0
ceresdb/database/database.go:36.30,38.3 1 1
ceresdb/database/database.go:42.20,44.2 1 1
ceresdb/database/database.go:46.34,49.52 3 1
ceresdb/database/database.go:52.2,52.53 1 1
ceresdb/database/database.go:55.2,59.25 5 1
ceresdb/database/database.go:67.2,67.12 1 1
ceresdb/database/database.go:49.52,51.3 1 0
ceresdb/database/database.go:52.53,54.3 1 0
ceresdb/database/database.go:59.25,63.17 4 1
ceresdb/database/database.go:63.17,65.4 1 0
ceresdb/database/database.go:70.18,72.2 1 1
ceresdb/user/user.go:8.33,11.2 2 1
ceresdb/user/user.go:13.58,16.2 2 1
ceresdb/user/user.go:18.20,20.2 1 1
ceresdb/user/user.go:22.48,25.2 2 1
ceresdb/user/user.go:27.47,30.2 2 1
